<?xml version="1.0" encoding="UTF-8"?>
<testsuite xmlns:xsi="http://www.w3.org/2001/XMLSchema-instance" xsi:noNamespaceSchemaLocation="https://maven.apache.org/surefire/maven-surefire-plugin/xsd/surefire-test-report-3.0.xsd" version="3.0" name="com.giaolang.mathutil.core.MathUtilTest" time="0.075" tests="5" errors="0" skipped="0" failures="0">
  <properties>
[...]
</properties>
  <testcase name="testGetFactorialGivenRightArgReturnsWell(int, long)[1]" classname="com.giaolang.mathutil.core.MathUtilTest" time="0.024"/>
  <testcase name="testGetFactorialGivenRightArgReturnsWell(int, long)[2]" classname="com.giaolang.mathutil.core.MathUtilTest" time="0.001"/>
  <testcase name="testGetFactorialGivenRightArgReturnsWell(int, long)[3]" classname="com.giaolang.mathutil.core.MathUtilTest" time="0.0"/>
  <testcase name="testGetFactorialGivenRightArgReturnsWell(int, long)[4]" classname="com.giaolang.mathutil.core.MathUtilTest" time="0.001"/>
  <testcase name="testGetFactorialGivenWrongArgThrowException" classname="com.giaolang.mathutil.core.MathUtilTest" time="0.001"/>
</testsuite>